Determining if the pthread_create exist failed with the following output:
Change Dir: /home/anoop/jackal_navigation/build/CMakeFiles/CMakeTmp

Run Build Command:"/usr/bin/make" "cmTC_f93eb/fast"
/usr/bin/make -f CMakeFiles/cmTC_f93eb.dir/build.make CMakeFiles/cmTC_f93eb.dir/build
make[1]: Entering directory '/home/anoop/jackal_navigation/build/CMakeFiles/CMakeTmp'
Building C object CMakeFiles/cmTC_f93eb.dir/CheckSymbolExists.c.o
/usr/bin/cc     -o CMakeFiles/cmTC_f93eb.dir/CheckSymbolExists.c.o   -c /home/anoop/jackal_navigation/build/CMakeFiles/CMakeTmp/CheckSymbolExists.c
Linking C executable cmTC_f93eb
/usr/bin/cmake -E cmake_link_script CMakeFiles/cmTC_f93eb.dir/link.txt --verbose=1
/usr/bin/cc       CMakeFiles/cmTC_f93eb.dir/CheckSymbolExists.c.o  -o cmTC_f93eb -rdynamic 
CMakeFiles/cmTC_f93eb.dir/CheckSymbolExists.c.o: In function `main':
CheckSymbolExists.c:(.text+0x16): undefined reference to `pthread_create'
collect2: error: ld returned 1 exit status
CMakeFiles/cmTC_f93eb.dir/build.make:97: recipe for target 'cmTC_f93eb' failed
make[1]: *** [cmTC_f93eb] Error 1
make[1]: Leaving directory '/home/anoop/jackal_navigation/build/CMakeFiles/CMakeTmp'
Makefile:126: recipe for target 'cmTC_f93eb/fast' failed
make: *** [cmTC_f93eb/fast] Error 2

File /home/anoop/jackal_navigation/build/CMakeFiles/CMakeTmp/CheckSymbolExists.c:
/* */
#include <pthread.h>

int main(int argc, char** argv)
{
  (void)argv;
#ifndef pthread_create
  return ((int*)(&pthread_create))[argc];
#else
  (void)argc;
  return 0;
#endif
}

Determining if the function pthread_create exists in the pthreads failed with the following output:
Change Dir: /home/anoop/jackal_navigation/build/CMakeFiles/CMakeTmp

Run Build Command:"/usr/bin/make" "cmTC_60c2f/fast"
/usr/bin/make -f CMakeFiles/cmTC_60c2f.dir/build.make CMakeFiles/cmTC_60c2f.dir/build
make[1]: Entering directory '/home/anoop/jackal_navigation/build/CMakeFiles/CMakeTmp'
Building C object CMakeFiles/cmTC_60c2f.dir/CheckFunctionExists.c.o
/usr/bin/cc    -DCHECK_FUNCTION_EXISTS=pthread_create   -o CMakeFiles/cmTC_60c2f.dir/CheckFunctionExists.c.o   -c /usr/share/cmake-3.5/Modules/CheckFunctionExists.c
Linking C executable cmTC_60c2f
/usr/bin/cmake -E cmake_link_script CMakeFiles/cmTC_60c2f.dir/link.txt --verbose=1
/usr/bin/cc   -DCHECK_FUNCTION_EXISTS=pthread_create    CMakeFiles/cmTC_60c2f.dir/CheckFunctionExists.c.o  -o cmTC_60c2f -rdynamic -lpthreads 
/usr/bin/ld: cannot find -lpthreads
collect2: error: ld returned 1 exit status
CMakeFiles/cmTC_60c2f.dir/build.make:97: recipe for target 'cmTC_60c2f' failed
make[1]: *** [cmTC_60c2f] Error 1
make[1]: Leaving directory '/home/anoop/jackal_navigation/build/CMakeFiles/CMakeTmp'
Makefile:126: recipe for target 'cmTC_60c2f/fast' failed
make: *** [cmTC_60c2f/fast] Error 2


